<?xml version="1.0" encoding="UTF-8"?>
<!-- Generated by org.testng.reporters.JUnitReportReporter -->
<testsuite hostname="2JVR353" failures="0" tests="1" name="Excersises.MAPS1" time="76.830" errors="0" timestamp="2024-07-13T15:39:58 CDT" skipped="0">
  <testcase classname="Excersises.MAPS1" name="test2087" time="76.830"/>
</testsuite> <!-- Excersises.MAPS1 -->
