<?xml version="1.0" encoding="UTF-8"?>
<!-- Generated by org.testng.reporters.JUnitReportReporter -->
<testsuite hostname="2JVR353" failures="0" tests="1" name="com.ExcelData.ReadExcelData" time="1.129" errors="0" timestamp="2024-07-26T22:38:30 CDT" skipped="0">
  <testcase classname="com.ExcelData.ReadExcelData" name="readExcelData" time="1.129"/>
</testsuite> <!-- com.ExcelData.ReadExcelData -->
