<?xml version="1.0" encoding="UTF-8"?>
<!-- Generated by org.testng.reporters.JUnitReportReporter -->
<testsuite hostname="2JVR353" failures="0" tests="1" name="com.ExcelData.ReadDataExcel" time="1.055" errors="0" timestamp="2024-07-27T00:06:21 CDT" skipped="0">
  <testcase classname="com.ExcelData.ReadDataExcel" name="readDataExcel" time="1.055"/>
</testsuite> <!-- com.ExcelData.ReadDataExcel -->
